2014-12-02 08:59:29,043 INFO Cadastro de Atividade realizado com sucesso pelo Gerente : VINICIUS
2014-12-02 08:59:44,236 INFO Cadastro de Atividade realizado com sucesso pelo Gerente : VINICIUS
2014-12-02 09:15:31,372 INFO Atualização de Atividade realizada com sucesso pelo Gerente : VINICIUS
2014-12-02 09:15:36,481 INFO Exclusão de Atividade realizada com sucesso pelo Gerente : VINICIUS
2014-12-02 09:15:54,370 INFO Atualização de Projeto realizado com sucesso pelo Gerente : VINICIUS
2014-12-02 09:15:59,487 INFO Atualização de Projeto realizado com sucesso pelo Gerente : VINICIUS
2014-12-02 09:16:51,079 INFO Atualização de Projeto realizado com sucesso pelo Gerente : VINICIUS
2014-12-02 09:16:55,660 INFO Exclusão de Projeto realizado com sucesso pelo Gerente : VINICIUS
2014-12-02 09:17:23,292 INFO Atualização de Encarregado realizada com sucesso pelo Gerente : VINICIUS
2014-12-02 09:17:38,670 INFO Atualização de Encarregado realizada com sucesso pelo Gerente : VINICIUS
2014-12-02 09:18:00,196 INFO Cadastro de Encarregado realizado com sucesso pelo Gerente : VINICIUS
2014-12-02 09:18:06,314 INFO Exclusão de Encarregado realizada com sucesso pelo Gerente : VINICIUS
2014-12-02 09:23:21,215 INFO Atualização de Gerente realizada com sucesso pelo Diretor : Thales
2014-12-02 09:23:25,556 INFO Exclusão de Gerente realizada com sucesso pelo Diretor : Thales
2014-12-02 09:28:45,838 INFO Atualização de Departamento realizada com sucesso pelo Diretor : Thales
2014-12-02 09:29:12,174 INFO Cadastro de Departamento realizado com sucesso pelo Diretor : Thales
2014-12-02 09:29:20,369 INFO Exclusão de Departamento realizada com sucesso pelo Diretor : Thales
2014-12-02 09:32:05,837 INFO Alteração de Dados Pessoais realizada com sucesso pelo Diretor : Thales
2014-12-02 09:36:01,141 INFO Atualização de Encarregado realizada com sucesso pelo Gerente : VINICIUS
2014-12-02 09:37:28,274 INFO Lançamento de Horas na Atividade: ATIVIDADE6realizada com sucesso pelo Encarregado : teste
2014-12-02 09:39:18,315 INFO Cadastro de Atividade realizado com sucesso pelo Gerente : VINICIUS
2014-12-02 09:40:40,521 INFO Lançamento de Horas na Atividade: testa cmbrealizada com sucesso pelo Encarregado : teste
2014-12-02 09:41:02,819 INFO Lançamento de Horas na Atividade: testa cmbrealizada com sucesso pelo Encarregado : teste
2014-12-02 09:42:54,339 INFO Exclusão de Departamento realizada com sucesso pelo Diretor : Thales
2014-12-02 09:43:14,423 INFO Exclusão de Gerente realizada com sucesso pelo Diretor : Thales
2014-12-02 09:43:18,136 INFO Exclusão de Gerente realizada com sucesso pelo Diretor : Thales
2014-12-02 09:43:21,288 INFO Exclusão de Gerente realizada com sucesso pelo Diretor : Thales
2014-12-02 09:43:24,143 INFO Exclusão de Gerente realizada com sucesso pelo Diretor : Thales
2014-12-02 09:43:27,452 INFO Exclusão de Gerente realizada com sucesso pelo Diretor : Thales
2014-12-02 09:44:03,445 INFO Exclusão de Encarregado realizada com sucesso pelo Diretor : Thales
2014-12-02 09:44:06,395 INFO Exclusão de Encarregado realizada com sucesso pelo Diretor : Thales
2014-12-02 09:44:09,079 INFO Exclusão de Encarregado realizada com sucesso pelo Diretor : Thales
2014-12-02 09:44:13,306 INFO Exclusão de Encarregado realizada com sucesso pelo Diretor : Thales
2014-12-02 09:44:16,086 INFO Exclusão de Encarregado realizada com sucesso pelo Diretor : Thales
2014-12-02 09:44:19,144 INFO Exclusão de Encarregado realizada com sucesso pelo Diretor : Thales
2014-12-02 09:45:46,240 INFO Cadastro de Gerente realizado com sucesso pelo Diretor : Thales
2014-12-02 09:46:40,968 INFO Exclusão de Atividade realizada com sucesso pelo Gerente : e
2014-12-02 09:46:43,620 INFO Exclusão de Atividade realizada com sucesso pelo Gerente : e
2014-12-02 09:46:46,647 INFO Exclusão de Atividade realizada com sucesso pelo Gerente : e
2014-12-02 09:46:49,501 INFO Exclusão de Atividade realizada com sucesso pelo Gerente : e
2014-12-02 09:46:53,090 INFO Exclusão de Atividade realizada com sucesso pelo Gerente : e
2014-12-02 09:47:03,737 INFO Exclusão de Projeto realizado com sucesso pelo Gerente : e
2014-12-02 09:47:11,131 INFO Exclusão de Encarregado realizada com sucesso pelo Gerente : e
2014-12-02 09:49:53,724 INFO Exclusão de Encarregado realizada com sucesso pelo Gerente : e
2014-12-02 09:50:29,297 INFO Exclusão de Gerente realizada com sucesso pelo Diretor : Thales
2014-12-02 09:50:39,940 INFO Exclusão de Departamento realizada com sucesso pelo Diretor : Thales
2014-12-02 09:50:42,766 INFO Exclusão de Departamento realizada com sucesso pelo Diretor : Thales
2014-12-02 09:50:48,897 INFO Exclusão de Departamento realizada com sucesso pelo Diretor : Thales
2014-12-02 09:50:55,296 INFO Exclusão de Departamento realizada com sucesso pelo Diretor : Thales
2014-12-02 09:51:00,709 INFO Exclusão de Departamento realizada com sucesso pelo Diretor : Thales
